<?xml version="1.0" encoding="UTF-8"?>
<!-- Generated by org.testng.reporters.JUnitReportReporter -->
<testsuite skipped="0" hostname="BDC8-DX-403KX52" name="Web.loginveeva" tests="3" failures="0" timestamp="19 May 2017 06:07:46 GMT" time="48.388" errors="0">
  <testcase name="launch" time="6.950" classname="Web.loginveeva"/>
  <testcase name="ARCV_16" time="32.604" classname="Web.loginveeva"/>
  <testcase name="login" time="8.834" classname="Web.loginveeva"/>
</testsuite> <!-- Web.loginveeva -->
